  LinkedGraph.cpp
C:\Users\inh71\OneDrive\바탕 화면\Study\DataStructure\DataStructureStudy\DataStructureStudy\Heap.h(221,53): warning C4267: 'return': 'size_t'에서 'int'(으)로 변환하면서 데이터가 손실될 수 있습니다.
  (소스 파일 'LinkedGraph.cpp'을(를) 컴파일하는 중)
      C:\Users\inh71\OneDrive\바탕 화면\Study\DataStructure\DataStructureStudy\DataStructureStudy\Heap.h(221,53):
      템플릿 인스턴스화 컨텍스트(가장 오래된 인스턴스화 컨텍스트)가
          C:\Users\inh71\OneDrive\바탕 화면\Study\DataStructure\DataStructureStudy\DataStructureStudy\Heap.h(196,29):
          컴파일되는 클래스 템플릿 인스턴스화 'Heap<LinkedGraphEdge>'에 대한 참조를 확인하세요.
          C:\Users\inh71\OneDrive\바탕 화면\Study\DataStructure\DataStructureStudy\DataStructureStudy\Heap.h(33,48):
          클래스 템플릿 멤버 함수 'Heap<LinkedGraphEdge>::Heap(int,bool)'을(를) 컴파일하는 중입니다.
              C:\Users\inh71\OneDrive\바탕 화면\Study\DataStructure\DataStructureStudy\DataStructureStudy\LinkedGraph.cpp(343,20):
              'LinkedGraph::MinimumSpanningTreeKruskal'에서 'Heap<LinkedGraphEdge>::Heap'에 대한 첫 번째 참조를 확인하세요.
          C:\Users\inh71\OneDrive\바탕 화면\Study\DataStructure\DataStructureStudy\DataStructureStudy\Heap.h(215,32):
          클래스 템플릿 멤버 함수 'bool Heap<LinkedGraphEdge>::IsEmpty(void)'을(를) 컴파일하는 중입니다.
              C:\Users\inh71\OneDrive\바탕 화면\Study\DataStructure\DataStructureStudy\DataStructureStudy\Heap.h(79,2):
              'Heap<LinkedGraphEdge>::Remove'에서 'Heap<LinkedGraphEdge>::IsEmpty'에 대한 첫 번째 참조를 확인하세요.
              C:\Users\inh71\OneDrive\바탕 화면\Study\DataStructure\DataStructureStudy\DataStructureStudy\LinkedGraph.cpp(358,26):
              'LinkedGraph::MinimumSpanningTreeKruskal'에서 'Heap<LinkedGraphEdge>::Remove'에 대한 첫 번째 참조를 확인하세요.
          C:\Users\inh71\OneDrive\바탕 화면\Study\DataStructure\DataStructureStudy\DataStructureStudy\Heap.h(221,32):
          클래스 템플릿 멤버 함수 'int Heap<LinkedGraphEdge>::Capacity(void)'을(를) 컴파일하는 중입니다.
              C:\Users\inh71\OneDrive\바탕 화면\Study\DataStructure\DataStructureStudy\DataStructureStudy\Heap.h(218,33):
              'Heap<LinkedGraphEdge>::IsFull'에서 'Heap<LinkedGraphEdge>::Capacity'에 대한 첫 번째 참조를 확인하세요.
              C:\Users\inh71\OneDrive\바탕 화면\Study\DataStructure\DataStructureStudy\DataStructureStudy\Heap.h(47,2):
              'Heap<LinkedGraphEdge>::Insert'에서 'Heap<LinkedGraphEdge>::IsFull'에 대한 첫 번째 참조를 확인하세요.
              C:\Users\inh71\OneDrive\바탕 화면\Study\DataStructure\DataStructureStudy\DataStructureStudy\LinkedGraph.cpp(347,30):
              'LinkedGraph::MinimumSpanningTreeKruskal'에서 'Heap<LinkedGraphEdge>::Insert'에 대한 첫 번째 참조를 확인하세요.
  
  main.cpp
  코드를 생성하고 있습니다...
  DataStructureStudy.vcxproj -> C:\Users\inh71\OneDrive\바탕 화면\Study\DataStructure\DataStructureStudy\x64\Debug\DataStructureStudy.exe
